Arguments: 
  /usr/local/bin/node /usr/local/bin/yarn init -7

PATH: 
  /Users/chuxiaoyi/.poetry/bin:/Library/Frameworks/Python.framework/Versions/3.10/bin:/Library/Frameworks/Python.framework/Versions/3.8/bin:/opt/homebrew/bin:/opt/homebrew/sbin:/Library/Frameworks/Python.framework/Versions/3.9/bin:/usr/local/bin:/usr/bin:/bin:/usr/sbin:/sbin:/usr/local/go/bin:/Users/chuxiaoyi/miniforge3/bin:/Users/chuxiaoyi/miniforge3/condabin:/Users/chuxiaoyi/.sdkman/candidates/java/current/bin:/Users/chuxiaoyi/.poetry/bin:/Library/Frameworks/Python.framework/Versions/3.10/bin:/Library/Frameworks/Python.framework/Versions/3.8/bin:/opt/homebrew/bin:/opt/homebrew/sbin:/Library/Frameworks/Python.framework/Versions/3.9/bin:/Users/chuxiaoyi/Library/Application Support/JetBrains/Toolbox/scripts:/Users/chuxiaoyi/.local/bin:/usr/local/mysql/bin:/Users/chuxiaoyi/Downloads/confluent-6.2.0/bin:/Users/chuxiaoyi/Library/Application Support/JetBrains/Toolbox/scripts:/Users/chuxiaoyi/.local/bin:/usr/local/mysql/bin:/Users/chuxiaoyi/Downloads/confluent-6.2.0/bin:/Users/chuxiaoyi/.local/bin

Yarn version: 
  1.22.10

Node version: 
  18.12.1

Platform: 
  darwin arm64

Trace: 
  Error: canceled
      at Interface.<anonymous> (/usr/local/lib/node_modules/yarn/lib/cli.js:136216:13)
      at Interface.emit (node:events:513:28)
      at [_ttyWrite] [as _ttyWrite] (node:internal/readline/interface:1124:18)
      at ReadStream.onkeypress (node:internal/readline/interface:273:20)
      at ReadStream.emit (node:events:513:28)
      at emitKeys (node:internal/readline/utils:357:14)
      at emitKeys.next (<anonymous>)
      at ReadStream.onData (node:internal/readline/emitKeypressEvents:64:36)
      at ReadStream.emit (node:events:513:28)
      at addChunk (node:internal/streams/readable:324:12)

npm manifest: 
  No manifest

yarn manifest: 
  No manifest

Lockfile: 
  # THIS IS AN AUTOGENERATED FILE. DO NOT EDIT THIS FILE DIRECTLY.
  # yarn lockfile v1
